<?xml version="1.0" encoding="UTF-8"?>
<testsuites name="TS0101002 Login Saucedemo DD" time="37.149" tests="4" failures="0" errors="0">
   <testsuite name="TS0101002 Login Saucedemo DD" tests="4" failures="0" errors="0" time="37.149" skipped="0" timestamp="21-07-2024T17:42:43" hostname="mrdi_ - DHANIE-PC" id="Test Suites/F01/F0101 Saucedemo/TS0101002 Login Saucedemo DD">
      <properties>
         <property name="deviceName" value=""/>
         <property name="devicePlatform"/>
         <property name="logFolder" value="C:\\Users\\mrdi_\\Katalon Studio\\First_Automation_Project_Web_Based\\Reports\\20240721_174231\\F01\\F0101 Saucedemo\\TS0101002 Login Saucedemo DD\\20240721_174231"/>
         <property name="logFiles" value="C:\\Users\\mrdi_\\Katalon Studio\\First_Automation_Project_Web_Based\\Reports\\20240721_174231\\F01\\F0101 Saucedemo\\TS0101002 Login Saucedemo DD\\20240721_174231\\execution0.log"/>
         <property name="attachments" value=""/>
         <property name="hostName" value="mrdi_ - DHANIE-PC"/>
         <property name="os" value="Windows 11 64bit"/>
         <property name="katalonVersion" value="9.6.0.217"/>
         <property name="browser" value="Chrome 126.0.0.0"/>
         <property name="hostAddress" value="192.168.1.107"/>
         <property name="sessionId" value="547fd30571ea9ce5b81f124bbbbc5238"/>
         <property name="seleniumVersion" value="3.141.59"/>
         <property name="proxyInformation" value="ProxyInformation { proxyOption=NO_PROXY, proxyServerType=HTTP, username=, password=********, proxyServerAddress=, proxyServerPort=0, executionList=&quot;&quot;, isApplyToDesiredCapabilities=true }"/>
         <property name="platform" value="Windows 11"/>
      </properties>
      <testcase name="Test Cases/F02 Specify Test Case/F0201 Data Driven/TC0201001 Login Saucedemo DD Excel" time="9.121" classname="Test Cases/F02 Specify Test Case/F0201 Data Driven/TC0201001 Login Saucedemo DD Excel" status="PASSED">
         <system-out><![CDATA[21-07-2024T17:42:43 - [TEST_CASE][PASSED] - Test Cases/F02 Specify Test Case/F0201 Data Driven/TC0201001 Login Saucedemo DD Excel: Test Cases/F02 Specify Test Case/F0201 Data Driven/TC0201001 Login Saucedemo DD Excel

21-07-2024T17:42:44 - [TEST_STEP][PASSED] - openBrowser(""): Browser is opened with url: ''

21-07-2024T17:42:44 - [MESSAGE][INFO] - Starting 'Chrome' driver

21-07-2024T17:42:44 - [MESSAGE][INFO] - Action delay is set to 0 milliseconds

21-07-2024T17:42:46 - [MESSAGE][PASSED] - Browser is opened with url: ''

21-07-2024T17:42:46 - [TEST_STEP][PASSED] - maximizeWindow(): Current window maximized

21-07-2024T17:42:46 - [MESSAGE][PASSED] - Current window maximized

21-07-2024T17:42:46 - [TEST_STEP][PASSED] - navigateToUrl("https://www.saucedemo.com/"): Navigate to 'https://www.saucedemo.com/' successfully

21-07-2024T17:42:47 - [MESSAGE][PASSED] - Navigate to 'https://www.saucedemo.com/' successfully

21-07-2024T17:42:47 - [TEST_STEP][PASSED] - setText(findTestObject("Object Repository/Page_Swag Labs/input_Swag Labs_user-name"), username): Text 'standard_user' is set on object 'Object Repository/Page_Swag Labs/input_Swag Labs_user-name'

21-07-2024T17:42:50 - [MESSAGE][PASSED] - Text 'standard_user' is set on object 'Object Repository/Page_Swag Labs/input_Swag Labs_user-name'

21-07-2024T17:42:50 - [TEST_STEP][PASSED] - setText(findTestObject("Object Repository/Page_Swag Labs/input_Swag Labs_password"), password): Text 'secret_sauce' is set on object 'Object Repository/Page_Swag Labs/input_Swag Labs_password'

21-07-2024T17:42:51 - [MESSAGE][PASSED] - Text 'secret_sauce' is set on object 'Object Repository/Page_Swag Labs/input_Swag Labs_password'

21-07-2024T17:42:51 - [TEST_STEP][PASSED] - click(findTestObject("Object Repository/Page_Swag Labs/input_Swag Labs_login-button")): Object: 'Object Repository/Page_Swag Labs/input_Swag Labs_login-button' is clicked on

21-07-2024T17:42:51 - [MESSAGE][PASSED] - Object: 'Object Repository/Page_Swag Labs/input_Swag Labs_login-button' is clicked on

21-07-2024T17:42:51 - [TEST_STEP][PASSED] - click(findTestObject("Object Repository/Page_Swag Labs/button_Open Menu")): Object: 'Object Repository/Page_Swag Labs/button_Open Menu' is clicked on

21-07-2024T17:42:52 - [MESSAGE][PASSED] - Object: 'Object Repository/Page_Swag Labs/button_Open Menu' is clicked on

21-07-2024T17:42:52 - [TEST_STEP][PASSED] - click(findTestObject("Object Repository/Page_Swag Labs/a_Logout")): Object: 'Object Repository/Page_Swag Labs/a_Logout' is clicked on

21-07-2024T17:42:52 - [MESSAGE][PASSED] - Object: 'Object Repository/Page_Swag Labs/a_Logout' is clicked on]]></system-out>
         <system-err><![CDATA[]]></system-err>
      </testcase>
      <testcase name="Test Cases/F02 Specify Test Case/F0201 Data Driven/TC0201001 Login Saucedemo DD Excel" time="7.222" classname="Test Cases/F02 Specify Test Case/F0201 Data Driven/TC0201001 Login Saucedemo DD Excel" status="PASSED">
         <system-out><![CDATA[21-07-2024T17:42:52 - [TEST_CASE][PASSED] - Test Cases/F02 Specify Test Case/F0201 Data Driven/TC0201001 Login Saucedemo DD Excel: Test Cases/F02 Specify Test Case/F0201 Data Driven/TC0201001 Login Saucedemo DD Excel

21-07-2024T17:42:52 - [TEST_STEP][PASSED] - openBrowser(""): Browser is opened with url: ''

21-07-2024T17:42:52 - [MESSAGE][WARNING] - A browser is already opened. Closing browser and opening a new one

21-07-2024T17:42:53 - [MESSAGE][INFO] - Starting 'Chrome' driver

21-07-2024T17:42:53 - [MESSAGE][INFO] - Action delay is set to 0 milliseconds

21-07-2024T17:42:54 - [MESSAGE][PASSED] - Browser is opened with url: ''

21-07-2024T17:42:54 - [TEST_STEP][PASSED] - maximizeWindow(): Current window maximized

21-07-2024T17:42:54 - [MESSAGE][PASSED] - Current window maximized

21-07-2024T17:42:54 - [TEST_STEP][PASSED] - navigateToUrl("https://www.saucedemo.com/"): Navigate to 'https://www.saucedemo.com/' successfully

21-07-2024T17:42:55 - [MESSAGE][PASSED] - Navigate to 'https://www.saucedemo.com/' successfully

21-07-2024T17:42:55 - [TEST_STEP][PASSED] - setText(findTestObject("Object Repository/Page_Swag Labs/input_Swag Labs_user-name"), username): Text 'problem_user' is set on object 'Object Repository/Page_Swag Labs/input_Swag Labs_user-name'

21-07-2024T17:42:58 - [MESSAGE][PASSED] - Text 'problem_user' is set on object 'Object Repository/Page_Swag Labs/input_Swag Labs_user-name'

21-07-2024T17:42:58 - [TEST_STEP][PASSED] - setText(findTestObject("Object Repository/Page_Swag Labs/input_Swag Labs_password"), password): Text 'secret_sauce' is set on object 'Object Repository/Page_Swag Labs/input_Swag Labs_password'

21-07-2024T17:42:58 - [MESSAGE][PASSED] - Text 'secret_sauce' is set on object 'Object Repository/Page_Swag Labs/input_Swag Labs_password'

21-07-2024T17:42:58 - [TEST_STEP][PASSED] - click(findTestObject("Object Repository/Page_Swag Labs/input_Swag Labs_login-button")): Object: 'Object Repository/Page_Swag Labs/input_Swag Labs_login-button' is clicked on

21-07-2024T17:42:59 - [MESSAGE][PASSED] - Object: 'Object Repository/Page_Swag Labs/input_Swag Labs_login-button' is clicked on

21-07-2024T17:42:59 - [TEST_STEP][PASSED] - click(findTestObject("Object Repository/Page_Swag Labs/button_Open Menu")): Object: 'Object Repository/Page_Swag Labs/button_Open Menu' is clicked on

21-07-2024T17:42:59 - [MESSAGE][PASSED] - Object: 'Object Repository/Page_Swag Labs/button_Open Menu' is clicked on

21-07-2024T17:42:59 - [TEST_STEP][PASSED] - click(findTestObject("Object Repository/Page_Swag Labs/a_Logout")): Object: 'Object Repository/Page_Swag Labs/a_Logout' is clicked on

21-07-2024T17:43:00 - [MESSAGE][PASSED] - Object: 'Object Repository/Page_Swag Labs/a_Logout' is clicked on]]></system-out>
         <system-err><![CDATA[]]></system-err>
      </testcase>
      <testcase name="Test Cases/F02 Specify Test Case/F0201 Data Driven/TC0201001 Login Saucedemo DD Excel" time="12.167" classname="Test Cases/F02 Specify Test Case/F0201 Data Driven/TC0201001 Login Saucedemo DD Excel" status="PASSED">
         <system-out><![CDATA[21-07-2024T17:43:00 - [TEST_CASE][PASSED] - Test Cases/F02 Specify Test Case/F0201 Data Driven/TC0201001 Login Saucedemo DD Excel: Test Cases/F02 Specify Test Case/F0201 Data Driven/TC0201001 Login Saucedemo DD Excel

21-07-2024T17:43:00 - [TEST_STEP][PASSED] - openBrowser(""): Browser is opened with url: ''

21-07-2024T17:43:00 - [MESSAGE][WARNING] - A browser is already opened. Closing browser and opening a new one

21-07-2024T17:43:00 - [MESSAGE][INFO] - Starting 'Chrome' driver

21-07-2024T17:43:00 - [MESSAGE][INFO] - Action delay is set to 0 milliseconds

21-07-2024T17:43:01 - [MESSAGE][PASSED] - Browser is opened with url: ''

21-07-2024T17:43:01 - [TEST_STEP][PASSED] - maximizeWindow(): Current window maximized

21-07-2024T17:43:01 - [MESSAGE][PASSED] - Current window maximized

21-07-2024T17:43:01 - [TEST_STEP][PASSED] - navigateToUrl("https://www.saucedemo.com/"): Navigate to 'https://www.saucedemo.com/' successfully

21-07-2024T17:43:02 - [MESSAGE][PASSED] - Navigate to 'https://www.saucedemo.com/' successfully

21-07-2024T17:43:02 - [TEST_STEP][PASSED] - setText(findTestObject("Object Repository/Page_Swag Labs/input_Swag Labs_user-name"), username): Text 'performance_glitch_user' is set on object 'Object Repository/Page_Swag Labs/input_Swag Labs_user-name'

21-07-2024T17:43:05 - [MESSAGE][PASSED] - Text 'performance_glitch_user' is set on object 'Object Repository/Page_Swag Labs/input_Swag Labs_user-name'

21-07-2024T17:43:05 - [TEST_STEP][PASSED] - setText(findTestObject("Object Repository/Page_Swag Labs/input_Swag Labs_password"), password): Text 'secret_sauce' is set on object 'Object Repository/Page_Swag Labs/input_Swag Labs_password'

21-07-2024T17:43:05 - [MESSAGE][PASSED] - Text 'secret_sauce' is set on object 'Object Repository/Page_Swag Labs/input_Swag Labs_password'

21-07-2024T17:43:05 - [TEST_STEP][PASSED] - click(findTestObject("Object Repository/Page_Swag Labs/input_Swag Labs_login-button")): Object: 'Object Repository/Page_Swag Labs/input_Swag Labs_login-button' is clicked on

21-07-2024T17:43:11 - [MESSAGE][PASSED] - Object: 'Object Repository/Page_Swag Labs/input_Swag Labs_login-button' is clicked on

21-07-2024T17:43:11 - [TEST_STEP][PASSED] - click(findTestObject("Object Repository/Page_Swag Labs/button_Open Menu")): Object: 'Object Repository/Page_Swag Labs/button_Open Menu' is clicked on

21-07-2024T17:43:11 - [MESSAGE][PASSED] - Object: 'Object Repository/Page_Swag Labs/button_Open Menu' is clicked on

21-07-2024T17:43:11 - [TEST_STEP][PASSED] - click(findTestObject("Object Repository/Page_Swag Labs/a_Logout")): Object: 'Object Repository/Page_Swag Labs/a_Logout' is clicked on

21-07-2024T17:43:12 - [MESSAGE][PASSED] - Object: 'Object Repository/Page_Swag Labs/a_Logout' is clicked on]]></system-out>
         <system-err><![CDATA[]]></system-err>
      </testcase>
      <testcase name="Test Cases/F02 Specify Test Case/F0201 Data Driven/TC0201001 Login Saucedemo DD Excel" time="8.187" classname="Test Cases/F02 Specify Test Case/F0201 Data Driven/TC0201001 Login Saucedemo DD Excel" status="PASSED">
         <system-out><![CDATA[21-07-2024T17:43:12 - [TEST_CASE][PASSED] - Test Cases/F02 Specify Test Case/F0201 Data Driven/TC0201001 Login Saucedemo DD Excel: Test Cases/F02 Specify Test Case/F0201 Data Driven/TC0201001 Login Saucedemo DD Excel

21-07-2024T17:43:12 - [TEST_STEP][PASSED] - openBrowser(""): Browser is opened with url: ''

21-07-2024T17:43:12 - [MESSAGE][WARNING] - A browser is already opened. Closing browser and opening a new one

21-07-2024T17:43:13 - [MESSAGE][INFO] - Starting 'Chrome' driver

21-07-2024T17:43:13 - [MESSAGE][INFO] - Action delay is set to 0 milliseconds

21-07-2024T17:43:14 - [MESSAGE][PASSED] - Browser is opened with url: ''

21-07-2024T17:43:14 - [TEST_STEP][PASSED] - maximizeWindow(): Current window maximized

21-07-2024T17:43:14 - [MESSAGE][PASSED] - Current window maximized

21-07-2024T17:43:14 - [TEST_STEP][PASSED] - navigateToUrl("https://www.saucedemo.com/"): Navigate to 'https://www.saucedemo.com/' successfully

21-07-2024T17:43:15 - [MESSAGE][PASSED] - Navigate to 'https://www.saucedemo.com/' successfully

21-07-2024T17:43:15 - [TEST_STEP][PASSED] - setText(findTestObject("Object Repository/Page_Swag Labs/input_Swag Labs_user-name"), username): Text 'visual_user' is set on object 'Object Repository/Page_Swag Labs/input_Swag Labs_user-name'

21-07-2024T17:43:18 - [MESSAGE][PASSED] - Text 'visual_user' is set on object 'Object Repository/Page_Swag Labs/input_Swag Labs_user-name'

21-07-2024T17:43:18 - [TEST_STEP][PASSED] - setText(findTestObject("Object Repository/Page_Swag Labs/input_Swag Labs_password"), password): Text 'secret_sauce' is set on object 'Object Repository/Page_Swag Labs/input_Swag Labs_password'

21-07-2024T17:43:19 - [MESSAGE][PASSED] - Text 'secret_sauce' is set on object 'Object Repository/Page_Swag Labs/input_Swag Labs_password'

21-07-2024T17:43:19 - [TEST_STEP][PASSED] - click(findTestObject("Object Repository/Page_Swag Labs/input_Swag Labs_login-button")): Object: 'Object Repository/Page_Swag Labs/input_Swag Labs_login-button' is clicked on

21-07-2024T17:43:19 - [MESSAGE][PASSED] - Object: 'Object Repository/Page_Swag Labs/input_Swag Labs_login-button' is clicked on

21-07-2024T17:43:19 - [TEST_STEP][PASSED] - click(findTestObject("Object Repository/Page_Swag Labs/button_Open Menu")): Object: 'Object Repository/Page_Swag Labs/button_Open Menu' is clicked on

21-07-2024T17:43:20 - [MESSAGE][PASSED] - Object: 'Object Repository/Page_Swag Labs/button_Open Menu' is clicked on

21-07-2024T17:43:20 - [TEST_STEP][PASSED] - click(findTestObject("Object Repository/Page_Swag Labs/a_Logout")): Object: 'Object Repository/Page_Swag Labs/a_Logout' is clicked on

21-07-2024T17:43:20 - [MESSAGE][PASSED] - Object: 'Object Repository/Page_Swag Labs/a_Logout' is clicked on]]></system-out>
         <system-err><![CDATA[]]></system-err>
      </testcase>
      <system-out><![CDATA[21-07-2024T17:42:43 - [TEST_SUITE][PASSED] - TS0101002 Login Saucedemo DD: Test Cases/F02 Specify Test Case/F0201 Data Driven/TC0201001 Login Saucedemo DD Excel]]></system-out>
      <system-err><![CDATA[]]></system-err>
   </testsuite>
</testsuites>
