<?xml version="1.0" encoding="UTF-8"?>
<testsuites name="TS0102 Cura Health Make Appointment" time="21.375" tests="1" failures="0" errors="0">
   <testsuite name="TS0102 Cura Health Make Appointment" tests="1" failures="0" errors="0" time="21.375" skipped="0" timestamp="21-07-2024T17:06:01" hostname="mrdi_ - DHANIE-PC" id="Test Suites/F01/F0102 Cura Health/TS0102 Cura Health Make Appointment">
      <properties>
         <property name="deviceName" value=""/>
         <property name="devicePlatform"/>
         <property name="logFolder" value="C:\\Users\\mrdi_\\Katalon Studio\\First_Automation_Project_Web_Based\\Reports\\20240721_170550\\F01\\F0102 Cura Health\\TS0102 Cura Health Make Appointment\\20240721_170550"/>
         <property name="logFiles" value="C:\\Users\\mrdi_\\Katalon Studio\\First_Automation_Project_Web_Based\\Reports\\20240721_170550\\F01\\F0102 Cura Health\\TS0102 Cura Health Make Appointment\\20240721_170550\\execution0.log"/>
         <property name="attachments" value=""/>
         <property name="hostName" value="mrdi_ - DHANIE-PC"/>
         <property name="os" value="Windows 11 64bit"/>
         <property name="katalonVersion" value="9.6.0.217"/>
         <property name="browser" value="Firefox 128.0"/>
         <property name="hostAddress" value="192.168.1.107"/>
         <property name="sessionId" value="c009b6bb-763f-4fd5-a1f8-e5f3534d63cc"/>
         <property name="seleniumVersion" value="3.141.59"/>
         <property name="proxyInformation" value="ProxyInformation { proxyOption=NO_PROXY, proxyServerType=HTTP, username=, password=********, proxyServerAddress=, proxyServerPort=0, executionList=&quot;&quot;, isApplyToDesiredCapabilities=true }"/>
         <property name="platform" value="Windows 11"/>
      </properties>
      <testcase name="Test Cases/F01 Common Test Case/FF0102 CuraHealth/TC0102002 Make an Appointment" time="21.129" classname="Test Cases/F01 Common Test Case/FF0102 CuraHealth/TC0102002 Make an Appointment" status="PASSED">
         <system-out><![CDATA[21-07-2024T17:06:01 - [TEST_CASE][PASSED] - Test Cases/F01 Common Test Case/FF0102 CuraHealth/TC0102002 Make an Appointment: Test Cases/F01 Common Test Case/FF0102 CuraHealth/TC0102002 Make an Appointment

21-07-2024T17:06:02 - [TEST_STEP][PASSED] - callTestCase(findTestCase("F01 Common Test Case/FF0102 CuraHealth/TC0102001 Login Cura Health"), [:], STOP_ON_FAILURE): Call Test Case 'Test Cases/F01 Common Test Case/FF0102 CuraHealth/TC0102001 Login Cura Health' successfully

21-07-2024T17:06:02 - [TEST_CASE][PASSED] - Test Cases/F01 Common Test Case/FF0102 CuraHealth/TC0102001 Login Cura Health: Test Cases/F01 Common Test Case/FF0102 CuraHealth/TC0102001 Login Cura Health

21-07-2024T17:06:02 - [TEST_STEP][PASSED] - openBrowser(""): Browser is opened with url: ''

21-07-2024T17:06:02 - [MESSAGE][INFO] - Starting 'Firefox' driver

21-07-2024T17:06:03 - [MESSAGE][INFO] - Action delay is set to 0 milliseconds

21-07-2024T17:06:09 - [MESSAGE][PASSED] - Browser is opened with url: ''

21-07-2024T17:06:09 - [TEST_STEP][PASSED] - maximizeWindow(): Current window maximized

21-07-2024T17:06:09 - [MESSAGE][PASSED] - Current window maximized

21-07-2024T17:06:09 - [TEST_STEP][PASSED] - navigateToUrl("https://katalon-demo-cura.herokuapp.com/profile.php#login"): Navigate to 'https://katalon-demo-cura.herokuapp.com/profile.php#login' successfully

21-07-2024T17:06:13 - [MESSAGE][PASSED] - Navigate to 'https://katalon-demo-cura.herokuapp.com/profile.php#login' successfully

21-07-2024T17:06:13 - [TEST_STEP][PASSED] - setText(findTestObject("Object Repository/Page_CURA Healthcare Service/input_Username_username"), "John Doe"): Text 'John Doe' is set on object 'Object Repository/Page_CURA Healthcare Service/input_Username_username'

21-07-2024T17:06:14 - [MESSAGE][PASSED] - Text 'John Doe' is set on object 'Object Repository/Page_CURA Healthcare Service/input_Username_username'

21-07-2024T17:06:14 - [TEST_STEP][PASSED] - setEncryptedText(findTestObject("Object Repository/Page_CURA Healthcare Service/input_Password_password"), "g3/DOGG74jC3Flrr3yH+3D/yKbOqqUNM"): Text ****** has been set on object 'Object Repository/Page_CURA Healthcare Service/input_Password_password'

21-07-2024T17:06:14 - [MESSAGE][PASSED] - Text ****** has been set on object 'Object Repository/Page_CURA Healthcare Service/input_Password_password'

21-07-2024T17:06:14 - [TEST_STEP][PASSED] - click(findTestObject("Object Repository/Page_CURA Healthcare Service/button_Login")): Object: 'Object Repository/Page_CURA Healthcare Service/button_Login' is clicked on

21-07-2024T17:06:15 - [MESSAGE][PASSED] - Object: 'Object Repository/Page_CURA Healthcare Service/button_Login' is clicked on

21-07-2024T17:06:15 - [TEST_STEP][PASSED] - navigateToUrl("https://katalon-demo-cura.herokuapp.com/#appointment"): Navigate to 'https://katalon-demo-cura.herokuapp.com/#appointment' successfully

21-07-2024T17:06:15 - [MESSAGE][PASSED] - Navigate to 'https://katalon-demo-cura.herokuapp.com/#appointment' successfully

21-07-2024T17:06:15 - [MESSAGE][PASSED] - Call Test Case 'Test Cases/F01 Common Test Case/FF0102 CuraHealth/TC0102001 Login Cura Health' successfully

21-07-2024T17:06:15 - [TEST_STEP][PASSED] - selectOptionByValue(findTestObject("Object Repository/Page_CURA Healthcare Service/select_Tokyo CURA Healthcare Center        _5b4107"), "Hongkong CURA Healthcare Center", true): All options with value 'Hongkong CURA Healthcare Center' are selected in object 'Object Repository/Page_CURA Healthcare Service/select_Tokyo CURA Healthcare Center        _5b4107'  using regular expression

21-07-2024T17:06:16 - [MESSAGE][PASSED] - All options with value 'Hongkong CURA Healthcare Center' are selected in object 'Object Repository/Page_CURA Healthcare Service/select_Tokyo CURA Healthcare Center        _5b4107'  using regular expression

21-07-2024T17:06:16 - [TEST_STEP][PASSED] - click(findTestObject("Object Repository/Page_CURA Healthcare Service/input_Apply for hospital readmission_hospit_63901f")): Object: 'Object Repository/Page_CURA Healthcare Service/input_Apply for hospital readmission_hospit_63901f' is clicked on

21-07-2024T17:06:17 - [MESSAGE][PASSED] - Object: 'Object Repository/Page_CURA Healthcare Service/input_Apply for hospital readmission_hospit_63901f' is clicked on

21-07-2024T17:06:17 - [TEST_STEP][PASSED] - click(findTestObject("Object Repository/Page_CURA Healthcare Service/input_Medicaid_programs")): Object: 'Object Repository/Page_CURA Healthcare Service/input_Medicaid_programs' is clicked on

21-07-2024T17:06:17 - [MESSAGE][PASSED] - Object: 'Object Repository/Page_CURA Healthcare Service/input_Medicaid_programs' is clicked on

21-07-2024T17:06:17 - [TEST_STEP][PASSED] - click(findTestObject("Object Repository/Page_CURA Healthcare Service/div_Visit Date (Required)_input-group-addon")): Object: 'Object Repository/Page_CURA Healthcare Service/div_Visit Date (Required)_input-group-addon' is clicked on

21-07-2024T17:06:18 - [MESSAGE][PASSED] - Object: 'Object Repository/Page_CURA Healthcare Service/div_Visit Date (Required)_input-group-addon' is clicked on

21-07-2024T17:06:18 - [TEST_STEP][PASSED] - click(findTestObject("Object Repository/Page_CURA Healthcare Service/td_19")): Object: 'Object Repository/Page_CURA Healthcare Service/td_19' is clicked on

21-07-2024T17:06:18 - [MESSAGE][PASSED] - Object: 'Object Repository/Page_CURA Healthcare Service/td_19' is clicked on

21-07-2024T17:06:18 - [TEST_STEP][PASSED] - setText(findTestObject("Object Repository/Page_CURA Healthcare Service/textarea_Comment_comment"), "This an appointment for Medical Check up Next Week"): Text 'This an appointment for Medical Check up Next Week' is set on object 'Object Repository/Page_CURA Healthcare Service/textarea_Comment_comment'

21-07-2024T17:06:19 - [MESSAGE][PASSED] - Text 'This an appointment for Medical Check up Next Week' is set on object 'Object Repository/Page_CURA Healthcare Service/textarea_Comment_comment'

21-07-2024T17:06:19 - [TEST_STEP][PASSED] - click(findTestObject("Object Repository/Page_CURA Healthcare Service/button_Book Appointment")): Object: 'Object Repository/Page_CURA Healthcare Service/button_Book Appointment' is clicked on

21-07-2024T17:06:20 - [MESSAGE][PASSED] - Object: 'Object Repository/Page_CURA Healthcare Service/button_Book Appointment' is clicked on

21-07-2024T17:06:20 - [TEST_STEP][PASSED] - navigateToUrl("https://katalon-demo-cura.herokuapp.com/appointment.php#summary"): Navigate to 'https://katalon-demo-cura.herokuapp.com/appointment.php#summary' successfully

21-07-2024T17:06:20 - [MESSAGE][PASSED] - Navigate to 'https://katalon-demo-cura.herokuapp.com/appointment.php#summary' successfully

21-07-2024T17:06:20 - [TEST_STEP][PASSED] - verifyElementText(findTestObject("Object Repository/Page_CURA Healthcare Service/h2_Appointment Confirmation"), "Appointment Confirmation"): Actual text and expected text of test object 'Object Repository/Page_CURA Healthcare Service/h2_Appointment Confirmation' are matched.

21-07-2024T17:06:20 - [MESSAGE][PASSED] - Actual text and expected text of test object 'Object Repository/Page_CURA Healthcare Service/h2_Appointment Confirmation' are matched.

21-07-2024T17:06:20 - [TEST_STEP][PASSED] - click(findTestObject("Object Repository/Page_CURA Healthcare Service/a_Go to Homepage")): Object: 'Object Repository/Page_CURA Healthcare Service/a_Go to Homepage' is clicked on

21-07-2024T17:06:21 - [MESSAGE][PASSED] - Object: 'Object Repository/Page_CURA Healthcare Service/a_Go to Homepage' is clicked on

21-07-2024T17:06:21 - [TEST_STEP][PASSED] - closeBrowser(): Browser is closed

21-07-2024T17:06:22 - [MESSAGE][PASSED] - Browser is closed]]></system-out>
         <system-err><![CDATA[]]></system-err>
      </testcase>
      <system-out><![CDATA[21-07-2024T17:06:01 - [TEST_SUITE][PASSED] - TS0102 Cura Health Make Appointment: Test Cases/F01 Common Test Case/FF0102 CuraHealth/TC0102002 Make an Appointment]]></system-out>
      <system-err><![CDATA[]]></system-err>
   </testsuite>
</testsuites>
