<?xml version="1.0" encoding="UTF-8"?>
<testsuites name="TS0101004 Login Saucedemo DD Postgre" time="43.487" tests="4" failures="0" errors="0">
   <testsuite name="TS0101004 Login Saucedemo DD Postgre" tests="4" failures="0" errors="0" time="43.487" skipped="0" timestamp="22-07-2024T10:46:24" hostname="mrdi_ - DHANIE-PC" id="Test Suites/F01/F0101 Saucedemo/TS0101004 Login Saucedemo DD Postgre">
      <properties>
         <property name="deviceName" value=""/>
         <property name="devicePlatform"/>
         <property name="logFolder" value="C:\\Users\\mrdi_\\Katalon Studio\\First_Automation_Project_Web_Based\\Reports\\20240722_104613\\F01\\F0101 Saucedemo\\TS0101004 Login Saucedemo DD Postgre\\20240722_104613"/>
         <property name="logFiles" value="C:\\Users\\mrdi_\\Katalon Studio\\First_Automation_Project_Web_Based\\Reports\\20240722_104613\\F01\\F0101 Saucedemo\\TS0101004 Login Saucedemo DD Postgre\\20240722_104613\\execution0.log"/>
         <property name="attachments" value=""/>
         <property name="hostName" value="mrdi_ - DHANIE-PC"/>
         <property name="os" value="Windows 11 64bit"/>
         <property name="katalonVersion" value="9.6.0.217"/>
         <property name="browser" value="Chrome 126.0.0.0"/>
         <property name="hostAddress" value="192.168.229.1"/>
         <property name="sessionId" value="23c9feb992fb9a4b8d77025a97283f65"/>
         <property name="seleniumVersion" value="3.141.59"/>
         <property name="proxyInformation" value="ProxyInformation { proxyOption=NO_PROXY, proxyServerType=HTTP, username=, password=********, proxyServerAddress=, proxyServerPort=0, executionList=&quot;&quot;, isApplyToDesiredCapabilities=true }"/>
         <property name="platform" value="Windows 11"/>
      </properties>
      <testcase name="Test Cases/F02 Specify Test Case/F0201 Data Driven/TC0201003 Login Saucedemo DD Postgre" time="11.556" classname="Test Cases/F02 Specify Test Case/F0201 Data Driven/TC0201003 Login Saucedemo DD Postgre" status="PASSED">
         <system-out><![CDATA[22-07-2024T10:46:24 - [TEST_CASE][PASSED] - Test Cases/F02 Specify Test Case/F0201 Data Driven/TC0201003 Login Saucedemo DD Postgre: Test Cases/F02 Specify Test Case/F0201 Data Driven/TC0201003 Login Saucedemo DD Postgre

22-07-2024T10:46:24 - [TEST_STEP][PASSED] - openBrowser(""): Browser is opened with url: ''

22-07-2024T10:46:25 - [MESSAGE][INFO] - Starting 'Chrome' driver

22-07-2024T10:46:25 - [MESSAGE][INFO] - Action delay is set to 0 milliseconds

22-07-2024T10:46:27 - [MESSAGE][PASSED] - Browser is opened with url: ''

22-07-2024T10:46:27 - [TEST_STEP][PASSED] - maximizeWindow(): Current window maximized

22-07-2024T10:46:27 - [MESSAGE][PASSED] - Current window maximized

22-07-2024T10:46:27 - [TEST_STEP][PASSED] - navigateToUrl("https://www.saucedemo.com/"): Navigate to 'https://www.saucedemo.com/' successfully

22-07-2024T10:46:29 - [MESSAGE][PASSED] - Navigate to 'https://www.saucedemo.com/' successfully

22-07-2024T10:46:29 - [TEST_STEP][PASSED] - setText(findTestObject("Object Repository/Page_Swag Labs/input_Swag Labs_user-name"), username): Text 'standard_user' is set on object 'Object Repository/Page_Swag Labs/input_Swag Labs_user-name'

22-07-2024T10:46:33 - [MESSAGE][PASSED] - Text 'standard_user' is set on object 'Object Repository/Page_Swag Labs/input_Swag Labs_user-name'

22-07-2024T10:46:33 - [TEST_STEP][PASSED] - setText(findTestObject("Object Repository/Page_Swag Labs/input_Swag Labs_password"), password): Text 'secret_sauce' is set on object 'Object Repository/Page_Swag Labs/input_Swag Labs_password'

22-07-2024T10:46:34 - [MESSAGE][PASSED] - Text 'secret_sauce' is set on object 'Object Repository/Page_Swag Labs/input_Swag Labs_password'

22-07-2024T10:46:34 - [TEST_STEP][PASSED] - click(findTestObject("Object Repository/Page_Swag Labs/input_Swag Labs_login-button")): Object: 'Object Repository/Page_Swag Labs/input_Swag Labs_login-button' is clicked on

22-07-2024T10:46:34 - [MESSAGE][PASSED] - Object: 'Object Repository/Page_Swag Labs/input_Swag Labs_login-button' is clicked on

22-07-2024T10:46:34 - [TEST_STEP][PASSED] - click(findTestObject("Object Repository/Page_Swag Labs/button_Open Menu")): Object: 'Object Repository/Page_Swag Labs/button_Open Menu' is clicked on

22-07-2024T10:46:35 - [MESSAGE][PASSED] - Object: 'Object Repository/Page_Swag Labs/button_Open Menu' is clicked on

22-07-2024T10:46:35 - [TEST_STEP][PASSED] - click(findTestObject("Object Repository/Page_Swag Labs/a_Logout")): Object: 'Object Repository/Page_Swag Labs/a_Logout' is clicked on

22-07-2024T10:46:35 - [MESSAGE][PASSED] - Object: 'Object Repository/Page_Swag Labs/a_Logout' is clicked on

22-07-2024T10:46:35 - [TEST_STEP][PASSED] - closeBrowser(): Browser is closed

22-07-2024T10:46:35 - [MESSAGE][PASSED] - Browser is closed]]></system-out>
         <system-err><![CDATA[]]></system-err>
      </testcase>
      <testcase name="Test Cases/F02 Specify Test Case/F0201 Data Driven/TC0201003 Login Saucedemo DD Postgre" time="7.79" classname="Test Cases/F02 Specify Test Case/F0201 Data Driven/TC0201003 Login Saucedemo DD Postgre" status="PASSED">
         <system-out><![CDATA[22-07-2024T10:46:35 - [TEST_CASE][PASSED] - Test Cases/F02 Specify Test Case/F0201 Data Driven/TC0201003 Login Saucedemo DD Postgre: Test Cases/F02 Specify Test Case/F0201 Data Driven/TC0201003 Login Saucedemo DD Postgre

22-07-2024T10:46:35 - [TEST_STEP][PASSED] - openBrowser(""): Browser is opened with url: ''

22-07-2024T10:46:35 - [MESSAGE][INFO] - Starting 'Chrome' driver

22-07-2024T10:46:35 - [MESSAGE][INFO] - Action delay is set to 0 milliseconds

22-07-2024T10:46:36 - [MESSAGE][PASSED] - Browser is opened with url: ''

22-07-2024T10:46:36 - [TEST_STEP][PASSED] - maximizeWindow(): Current window maximized

22-07-2024T10:46:36 - [MESSAGE][PASSED] - Current window maximized

22-07-2024T10:46:36 - [TEST_STEP][PASSED] - navigateToUrl("https://www.saucedemo.com/"): Navigate to 'https://www.saucedemo.com/' successfully

22-07-2024T10:46:39 - [MESSAGE][PASSED] - Navigate to 'https://www.saucedemo.com/' successfully

22-07-2024T10:46:39 - [TEST_STEP][PASSED] - setText(findTestObject("Object Repository/Page_Swag Labs/input_Swag Labs_user-name"), username): Text 'problem_user' is set on object 'Object Repository/Page_Swag Labs/input_Swag Labs_user-name'

22-07-2024T10:46:41 - [MESSAGE][PASSED] - Text 'problem_user' is set on object 'Object Repository/Page_Swag Labs/input_Swag Labs_user-name'

22-07-2024T10:46:41 - [TEST_STEP][PASSED] - setText(findTestObject("Object Repository/Page_Swag Labs/input_Swag Labs_password"), password): Text 'secret_sauce' is set on object 'Object Repository/Page_Swag Labs/input_Swag Labs_password'

22-07-2024T10:46:42 - [MESSAGE][PASSED] - Text 'secret_sauce' is set on object 'Object Repository/Page_Swag Labs/input_Swag Labs_password'

22-07-2024T10:46:42 - [TEST_STEP][PASSED] - click(findTestObject("Object Repository/Page_Swag Labs/input_Swag Labs_login-button")): Object: 'Object Repository/Page_Swag Labs/input_Swag Labs_login-button' is clicked on

22-07-2024T10:46:42 - [MESSAGE][PASSED] - Object: 'Object Repository/Page_Swag Labs/input_Swag Labs_login-button' is clicked on

22-07-2024T10:46:42 - [TEST_STEP][PASSED] - click(findTestObject("Object Repository/Page_Swag Labs/button_Open Menu")): Object: 'Object Repository/Page_Swag Labs/button_Open Menu' is clicked on

22-07-2024T10:46:42 - [MESSAGE][PASSED] - Object: 'Object Repository/Page_Swag Labs/button_Open Menu' is clicked on

22-07-2024T10:46:42 - [TEST_STEP][PASSED] - click(findTestObject("Object Repository/Page_Swag Labs/a_Logout")): Object: 'Object Repository/Page_Swag Labs/a_Logout' is clicked on

22-07-2024T10:46:43 - [MESSAGE][PASSED] - Object: 'Object Repository/Page_Swag Labs/a_Logout' is clicked on

22-07-2024T10:46:43 - [TEST_STEP][PASSED] - closeBrowser(): Browser is closed

22-07-2024T10:46:43 - [MESSAGE][PASSED] - Browser is closed]]></system-out>
         <system-err><![CDATA[]]></system-err>
      </testcase>
      <testcase name="Test Cases/F02 Specify Test Case/F0201 Data Driven/TC0201003 Login Saucedemo DD Postgre" time="13.871" classname="Test Cases/F02 Specify Test Case/F0201 Data Driven/TC0201003 Login Saucedemo DD Postgre" status="PASSED">
         <system-out><![CDATA[22-07-2024T10:46:43 - [TEST_CASE][PASSED] - Test Cases/F02 Specify Test Case/F0201 Data Driven/TC0201003 Login Saucedemo DD Postgre: Test Cases/F02 Specify Test Case/F0201 Data Driven/TC0201003 Login Saucedemo DD Postgre

22-07-2024T10:46:43 - [TEST_STEP][PASSED] - openBrowser(""): Browser is opened with url: ''

22-07-2024T10:46:43 - [MESSAGE][INFO] - Starting 'Chrome' driver

22-07-2024T10:46:43 - [MESSAGE][INFO] - Action delay is set to 0 milliseconds

22-07-2024T10:46:44 - [MESSAGE][PASSED] - Browser is opened with url: ''

22-07-2024T10:46:44 - [TEST_STEP][PASSED] - maximizeWindow(): Current window maximized

22-07-2024T10:46:44 - [MESSAGE][PASSED] - Current window maximized

22-07-2024T10:46:44 - [TEST_STEP][PASSED] - navigateToUrl("https://www.saucedemo.com/"): Navigate to 'https://www.saucedemo.com/' successfully

22-07-2024T10:46:47 - [MESSAGE][PASSED] - Navigate to 'https://www.saucedemo.com/' successfully

22-07-2024T10:46:47 - [TEST_STEP][PASSED] - setText(findTestObject("Object Repository/Page_Swag Labs/input_Swag Labs_user-name"), username): Text 'performance_glitch_user' is set on object 'Object Repository/Page_Swag Labs/input_Swag Labs_user-name'

22-07-2024T10:46:50 - [MESSAGE][PASSED] - Text 'performance_glitch_user' is set on object 'Object Repository/Page_Swag Labs/input_Swag Labs_user-name'

22-07-2024T10:46:50 - [TEST_STEP][PASSED] - setText(findTestObject("Object Repository/Page_Swag Labs/input_Swag Labs_password"), password): Text 'secret_sauce' is set on object 'Object Repository/Page_Swag Labs/input_Swag Labs_password'

22-07-2024T10:46:50 - [MESSAGE][PASSED] - Text 'secret_sauce' is set on object 'Object Repository/Page_Swag Labs/input_Swag Labs_password'

22-07-2024T10:46:50 - [TEST_STEP][PASSED] - click(findTestObject("Object Repository/Page_Swag Labs/input_Swag Labs_login-button")): Object: 'Object Repository/Page_Swag Labs/input_Swag Labs_login-button' is clicked on

22-07-2024T10:46:56 - [MESSAGE][PASSED] - Object: 'Object Repository/Page_Swag Labs/input_Swag Labs_login-button' is clicked on

22-07-2024T10:46:56 - [TEST_STEP][PASSED] - click(findTestObject("Object Repository/Page_Swag Labs/button_Open Menu")): Object: 'Object Repository/Page_Swag Labs/button_Open Menu' is clicked on

22-07-2024T10:46:56 - [MESSAGE][PASSED] - Object: 'Object Repository/Page_Swag Labs/button_Open Menu' is clicked on

22-07-2024T10:46:56 - [TEST_STEP][PASSED] - click(findTestObject("Object Repository/Page_Swag Labs/a_Logout")): Object: 'Object Repository/Page_Swag Labs/a_Logout' is clicked on

22-07-2024T10:46:57 - [MESSAGE][PASSED] - Object: 'Object Repository/Page_Swag Labs/a_Logout' is clicked on

22-07-2024T10:46:57 - [TEST_STEP][PASSED] - closeBrowser(): Browser is closed

22-07-2024T10:46:57 - [MESSAGE][PASSED] - Browser is closed]]></system-out>
         <system-err><![CDATA[]]></system-err>
      </testcase>
      <testcase name="Test Cases/F02 Specify Test Case/F0201 Data Driven/TC0201003 Login Saucedemo DD Postgre" time="9.848" classname="Test Cases/F02 Specify Test Case/F0201 Data Driven/TC0201003 Login Saucedemo DD Postgre" status="PASSED">
         <system-out><![CDATA[22-07-2024T10:46:57 - [TEST_CASE][PASSED] - Test Cases/F02 Specify Test Case/F0201 Data Driven/TC0201003 Login Saucedemo DD Postgre: Test Cases/F02 Specify Test Case/F0201 Data Driven/TC0201003 Login Saucedemo DD Postgre

22-07-2024T10:46:57 - [TEST_STEP][PASSED] - openBrowser(""): Browser is opened with url: ''

22-07-2024T10:46:57 - [MESSAGE][INFO] - Starting 'Chrome' driver

22-07-2024T10:46:57 - [MESSAGE][INFO] - Action delay is set to 0 milliseconds

22-07-2024T10:46:58 - [MESSAGE][PASSED] - Browser is opened with url: ''

22-07-2024T10:46:58 - [TEST_STEP][PASSED] - maximizeWindow(): Current window maximized

22-07-2024T10:46:58 - [MESSAGE][PASSED] - Current window maximized

22-07-2024T10:46:58 - [TEST_STEP][PASSED] - navigateToUrl("https://www.saucedemo.com/"): Navigate to 'https://www.saucedemo.com/' successfully

22-07-2024T10:47:02 - [MESSAGE][PASSED] - Navigate to 'https://www.saucedemo.com/' successfully

22-07-2024T10:47:02 - [TEST_STEP][PASSED] - setText(findTestObject("Object Repository/Page_Swag Labs/input_Swag Labs_user-name"), username): Text 'visual_user' is set on object 'Object Repository/Page_Swag Labs/input_Swag Labs_user-name'

22-07-2024T10:47:05 - [MESSAGE][PASSED] - Text 'visual_user' is set on object 'Object Repository/Page_Swag Labs/input_Swag Labs_user-name'

22-07-2024T10:47:05 - [TEST_STEP][PASSED] - setText(findTestObject("Object Repository/Page_Swag Labs/input_Swag Labs_password"), password): Text 'secret_sauce' is set on object 'Object Repository/Page_Swag Labs/input_Swag Labs_password'

22-07-2024T10:47:05 - [MESSAGE][PASSED] - Text 'secret_sauce' is set on object 'Object Repository/Page_Swag Labs/input_Swag Labs_password'

22-07-2024T10:47:05 - [TEST_STEP][PASSED] - click(findTestObject("Object Repository/Page_Swag Labs/input_Swag Labs_login-button")): Object: 'Object Repository/Page_Swag Labs/input_Swag Labs_login-button' is clicked on

22-07-2024T10:47:06 - [MESSAGE][PASSED] - Object: 'Object Repository/Page_Swag Labs/input_Swag Labs_login-button' is clicked on

22-07-2024T10:47:06 - [TEST_STEP][PASSED] - click(findTestObject("Object Repository/Page_Swag Labs/button_Open Menu")): Object: 'Object Repository/Page_Swag Labs/button_Open Menu' is clicked on

22-07-2024T10:47:06 - [MESSAGE][PASSED] - Object: 'Object Repository/Page_Swag Labs/button_Open Menu' is clicked on

22-07-2024T10:47:06 - [TEST_STEP][PASSED] - click(findTestObject("Object Repository/Page_Swag Labs/a_Logout")): Object: 'Object Repository/Page_Swag Labs/a_Logout' is clicked on

22-07-2024T10:47:07 - [MESSAGE][PASSED] - Object: 'Object Repository/Page_Swag Labs/a_Logout' is clicked on

22-07-2024T10:47:07 - [TEST_STEP][PASSED] - closeBrowser(): Browser is closed

22-07-2024T10:47:07 - [MESSAGE][PASSED] - Browser is closed]]></system-out>
         <system-err><![CDATA[]]></system-err>
      </testcase>
      <system-out><![CDATA[22-07-2024T10:46:24 - [TEST_SUITE][PASSED] - TS0101004 Login Saucedemo DD Postgre: Test Cases/F02 Specify Test Case/F0201 Data Driven/TC0201003 Login Saucedemo DD Postgre]]></system-out>
      <system-err><![CDATA[]]></system-err>
   </testsuite>
</testsuites>
