<?xml version="1.0" encoding="UTF-8"?>
<testsuites name="TS0101003 Login Saucedemo DD MySQL" time="39.627" tests="4" failures="0" errors="0">
   <testsuite name="TS0101003 Login Saucedemo DD MySQL" tests="4" failures="0" errors="0" time="39.627" skipped="0" timestamp="22-07-2024T10:15:30" hostname="mrdi_ - DHANIE-PC" id="Test Suites/F01/F0101 Saucedemo/TS0101003 Login Saucedemo DD MySQL">
      <properties>
         <property name="deviceName" value=""/>
         <property name="devicePlatform"/>
         <property name="logFolder" value="C:\\Users\\mrdi_\\Katalon Studio\\First_Automation_Project_Web_Based\\Reports\\20240722_101521\\F01\\F0101 Saucedemo\\TS0101003 Login Saucedemo DD MySQL\\20240722_101521"/>
         <property name="logFiles" value="C:\\Users\\mrdi_\\Katalon Studio\\First_Automation_Project_Web_Based\\Reports\\20240722_101521\\F01\\F0101 Saucedemo\\TS0101003 Login Saucedemo DD MySQL\\20240722_101521\\execution0.log"/>
         <property name="attachments" value=""/>
         <property name="hostName" value="mrdi_ - DHANIE-PC"/>
         <property name="os" value="Windows 11 64bit"/>
         <property name="katalonVersion" value="9.6.0.217"/>
         <property name="browser" value="Chrome 126.0.0.0"/>
         <property name="hostAddress" value="192.168.229.1"/>
         <property name="sessionId" value="1436d9bf92f9068b51aa5ee1cfb65e8b"/>
         <property name="seleniumVersion" value="3.141.59"/>
         <property name="proxyInformation" value="ProxyInformation { proxyOption=NO_PROXY, proxyServerType=HTTP, username=, password=********, proxyServerAddress=, proxyServerPort=0, executionList=&quot;&quot;, isApplyToDesiredCapabilities=true }"/>
         <property name="platform" value="Windows 11"/>
      </properties>
      <testcase name="Test Cases/F02 Specify Test Case/F0201 Data Driven/TC0201002 Login Saucedemo DD MySQL" time="10.155" classname="Test Cases/F02 Specify Test Case/F0201 Data Driven/TC0201002 Login Saucedemo DD MySQL" status="PASSED">
         <system-out><![CDATA[22-07-2024T10:15:31 - [TEST_CASE][PASSED] - Test Cases/F02 Specify Test Case/F0201 Data Driven/TC0201002 Login Saucedemo DD MySQL: Test Cases/F02 Specify Test Case/F0201 Data Driven/TC0201002 Login Saucedemo DD MySQL

22-07-2024T10:15:31 - [TEST_STEP][PASSED] - openBrowser(""): Browser is opened with url: ''

22-07-2024T10:15:32 - [MESSAGE][INFO] - Starting 'Chrome' driver

22-07-2024T10:15:32 - [MESSAGE][INFO] - Action delay is set to 0 milliseconds

22-07-2024T10:15:34 - [MESSAGE][PASSED] - Browser is opened with url: ''

22-07-2024T10:15:34 - [TEST_STEP][PASSED] - maximizeWindow(): Current window maximized

22-07-2024T10:15:34 - [MESSAGE][PASSED] - Current window maximized

22-07-2024T10:15:34 - [TEST_STEP][PASSED] - navigateToUrl("https://www.saucedemo.com/"): Navigate to 'https://www.saucedemo.com/' successfully

22-07-2024T10:15:36 - [MESSAGE][PASSED] - Navigate to 'https://www.saucedemo.com/' successfully

22-07-2024T10:15:36 - [TEST_STEP][PASSED] - setText(findTestObject("Object Repository/Page_Swag Labs/input_Swag Labs_user-name"), username): Text 'standard_user' is set on object 'Object Repository/Page_Swag Labs/input_Swag Labs_user-name'

22-07-2024T10:15:38 - [MESSAGE][PASSED] - Text 'standard_user' is set on object 'Object Repository/Page_Swag Labs/input_Swag Labs_user-name'

22-07-2024T10:15:38 - [TEST_STEP][PASSED] - setText(findTestObject("Object Repository/Page_Swag Labs/input_Swag Labs_password"), password): Text 'secret_sauce' is set on object 'Object Repository/Page_Swag Labs/input_Swag Labs_password'

22-07-2024T10:15:39 - [MESSAGE][PASSED] - Text 'secret_sauce' is set on object 'Object Repository/Page_Swag Labs/input_Swag Labs_password'

22-07-2024T10:15:39 - [TEST_STEP][PASSED] - click(findTestObject("Object Repository/Page_Swag Labs/input_Swag Labs_login-button")): Object: 'Object Repository/Page_Swag Labs/input_Swag Labs_login-button' is clicked on

22-07-2024T10:15:40 - [MESSAGE][PASSED] - Object: 'Object Repository/Page_Swag Labs/input_Swag Labs_login-button' is clicked on

22-07-2024T10:15:40 - [TEST_STEP][PASSED] - click(findTestObject("Object Repository/Page_Swag Labs/button_Open Menu")): Object: 'Object Repository/Page_Swag Labs/button_Open Menu' is clicked on

22-07-2024T10:15:40 - [MESSAGE][PASSED] - Object: 'Object Repository/Page_Swag Labs/button_Open Menu' is clicked on

22-07-2024T10:15:40 - [TEST_STEP][PASSED] - click(findTestObject("Object Repository/Page_Swag Labs/a_Logout")): Object: 'Object Repository/Page_Swag Labs/a_Logout' is clicked on

22-07-2024T10:15:41 - [MESSAGE][PASSED] - Object: 'Object Repository/Page_Swag Labs/a_Logout' is clicked on

22-07-2024T10:15:41 - [TEST_STEP][PASSED] - closeBrowser(): Browser is closed

22-07-2024T10:15:41 - [MESSAGE][PASSED] - Browser is closed]]></system-out>
         <system-err><![CDATA[]]></system-err>
      </testcase>
      <testcase name="Test Cases/F02 Specify Test Case/F0201 Data Driven/TC0201002 Login Saucedemo DD MySQL" time="8.321" classname="Test Cases/F02 Specify Test Case/F0201 Data Driven/TC0201002 Login Saucedemo DD MySQL" status="PASSED">
         <system-out><![CDATA[22-07-2024T10:15:41 - [TEST_CASE][PASSED] - Test Cases/F02 Specify Test Case/F0201 Data Driven/TC0201002 Login Saucedemo DD MySQL: Test Cases/F02 Specify Test Case/F0201 Data Driven/TC0201002 Login Saucedemo DD MySQL

22-07-2024T10:15:41 - [TEST_STEP][PASSED] - openBrowser(""): Browser is opened with url: ''

22-07-2024T10:15:41 - [MESSAGE][INFO] - Starting 'Chrome' driver

22-07-2024T10:15:41 - [MESSAGE][INFO] - Action delay is set to 0 milliseconds

22-07-2024T10:15:42 - [MESSAGE][PASSED] - Browser is opened with url: ''

22-07-2024T10:15:42 - [TEST_STEP][PASSED] - maximizeWindow(): Current window maximized

22-07-2024T10:15:42 - [MESSAGE][PASSED] - Current window maximized

22-07-2024T10:15:42 - [TEST_STEP][PASSED] - navigateToUrl("https://www.saucedemo.com/"): Navigate to 'https://www.saucedemo.com/' successfully

22-07-2024T10:15:44 - [MESSAGE][PASSED] - Navigate to 'https://www.saucedemo.com/' successfully

22-07-2024T10:15:44 - [TEST_STEP][PASSED] - setText(findTestObject("Object Repository/Page_Swag Labs/input_Swag Labs_user-name"), username): Text 'problem_user' is set on object 'Object Repository/Page_Swag Labs/input_Swag Labs_user-name'

22-07-2024T10:15:47 - [MESSAGE][PASSED] - Text 'problem_user' is set on object 'Object Repository/Page_Swag Labs/input_Swag Labs_user-name'

22-07-2024T10:15:47 - [TEST_STEP][PASSED] - setText(findTestObject("Object Repository/Page_Swag Labs/input_Swag Labs_password"), password): Text 'secret_sauce' is set on object 'Object Repository/Page_Swag Labs/input_Swag Labs_password'

22-07-2024T10:15:48 - [MESSAGE][PASSED] - Text 'secret_sauce' is set on object 'Object Repository/Page_Swag Labs/input_Swag Labs_password'

22-07-2024T10:15:48 - [TEST_STEP][PASSED] - click(findTestObject("Object Repository/Page_Swag Labs/input_Swag Labs_login-button")): Object: 'Object Repository/Page_Swag Labs/input_Swag Labs_login-button' is clicked on

22-07-2024T10:15:48 - [MESSAGE][PASSED] - Object: 'Object Repository/Page_Swag Labs/input_Swag Labs_login-button' is clicked on

22-07-2024T10:15:48 - [TEST_STEP][PASSED] - click(findTestObject("Object Repository/Page_Swag Labs/button_Open Menu")): Object: 'Object Repository/Page_Swag Labs/button_Open Menu' is clicked on

22-07-2024T10:15:49 - [MESSAGE][PASSED] - Object: 'Object Repository/Page_Swag Labs/button_Open Menu' is clicked on

22-07-2024T10:15:49 - [TEST_STEP][PASSED] - click(findTestObject("Object Repository/Page_Swag Labs/a_Logout")): Object: 'Object Repository/Page_Swag Labs/a_Logout' is clicked on

22-07-2024T10:15:49 - [MESSAGE][PASSED] - Object: 'Object Repository/Page_Swag Labs/a_Logout' is clicked on

22-07-2024T10:15:49 - [TEST_STEP][PASSED] - closeBrowser(): Browser is closed

22-07-2024T10:15:49 - [MESSAGE][PASSED] - Browser is closed]]></system-out>
         <system-err><![CDATA[]]></system-err>
      </testcase>
      <testcase name="Test Cases/F02 Specify Test Case/F0201 Data Driven/TC0201002 Login Saucedemo DD MySQL" time="13.074" classname="Test Cases/F02 Specify Test Case/F0201 Data Driven/TC0201002 Login Saucedemo DD MySQL" status="PASSED">
         <system-out><![CDATA[22-07-2024T10:15:49 - [TEST_CASE][PASSED] - Test Cases/F02 Specify Test Case/F0201 Data Driven/TC0201002 Login Saucedemo DD MySQL: Test Cases/F02 Specify Test Case/F0201 Data Driven/TC0201002 Login Saucedemo DD MySQL

22-07-2024T10:15:49 - [TEST_STEP][PASSED] - openBrowser(""): Browser is opened with url: ''

22-07-2024T10:15:49 - [MESSAGE][INFO] - Starting 'Chrome' driver

22-07-2024T10:15:49 - [MESSAGE][INFO] - Action delay is set to 0 milliseconds

22-07-2024T10:15:50 - [MESSAGE][PASSED] - Browser is opened with url: ''

22-07-2024T10:15:50 - [TEST_STEP][PASSED] - maximizeWindow(): Current window maximized

22-07-2024T10:15:50 - [MESSAGE][PASSED] - Current window maximized

22-07-2024T10:15:50 - [TEST_STEP][PASSED] - navigateToUrl("https://www.saucedemo.com/"): Navigate to 'https://www.saucedemo.com/' successfully

22-07-2024T10:15:52 - [MESSAGE][PASSED] - Navigate to 'https://www.saucedemo.com/' successfully

22-07-2024T10:15:52 - [TEST_STEP][PASSED] - setText(findTestObject("Object Repository/Page_Swag Labs/input_Swag Labs_user-name"), username): Text 'performance_glitch_user' is set on object 'Object Repository/Page_Swag Labs/input_Swag Labs_user-name'

22-07-2024T10:15:55 - [MESSAGE][PASSED] - Text 'performance_glitch_user' is set on object 'Object Repository/Page_Swag Labs/input_Swag Labs_user-name'

22-07-2024T10:15:55 - [TEST_STEP][PASSED] - setText(findTestObject("Object Repository/Page_Swag Labs/input_Swag Labs_password"), password): Text 'secret_sauce' is set on object 'Object Repository/Page_Swag Labs/input_Swag Labs_password'

22-07-2024T10:15:55 - [MESSAGE][PASSED] - Text 'secret_sauce' is set on object 'Object Repository/Page_Swag Labs/input_Swag Labs_password'

22-07-2024T10:15:55 - [TEST_STEP][PASSED] - click(findTestObject("Object Repository/Page_Swag Labs/input_Swag Labs_login-button")): Object: 'Object Repository/Page_Swag Labs/input_Swag Labs_login-button' is clicked on

22-07-2024T10:16:01 - [MESSAGE][PASSED] - Object: 'Object Repository/Page_Swag Labs/input_Swag Labs_login-button' is clicked on

22-07-2024T10:16:01 - [TEST_STEP][PASSED] - click(findTestObject("Object Repository/Page_Swag Labs/button_Open Menu")): Object: 'Object Repository/Page_Swag Labs/button_Open Menu' is clicked on

22-07-2024T10:16:01 - [MESSAGE][PASSED] - Object: 'Object Repository/Page_Swag Labs/button_Open Menu' is clicked on

22-07-2024T10:16:01 - [TEST_STEP][PASSED] - click(findTestObject("Object Repository/Page_Swag Labs/a_Logout")): Object: 'Object Repository/Page_Swag Labs/a_Logout' is clicked on

22-07-2024T10:16:02 - [MESSAGE][PASSED] - Object: 'Object Repository/Page_Swag Labs/a_Logout' is clicked on

22-07-2024T10:16:02 - [TEST_STEP][PASSED] - closeBrowser(): Browser is closed

22-07-2024T10:16:02 - [MESSAGE][PASSED] - Browser is closed]]></system-out>
         <system-err><![CDATA[]]></system-err>
      </testcase>
      <testcase name="Test Cases/F02 Specify Test Case/F0201 Data Driven/TC0201002 Login Saucedemo DD MySQL" time="7.608" classname="Test Cases/F02 Specify Test Case/F0201 Data Driven/TC0201002 Login Saucedemo DD MySQL" status="PASSED">
         <system-out><![CDATA[22-07-2024T10:16:02 - [TEST_CASE][PASSED] - Test Cases/F02 Specify Test Case/F0201 Data Driven/TC0201002 Login Saucedemo DD MySQL: Test Cases/F02 Specify Test Case/F0201 Data Driven/TC0201002 Login Saucedemo DD MySQL

22-07-2024T10:16:02 - [TEST_STEP][PASSED] - openBrowser(""): Browser is opened with url: ''

22-07-2024T10:16:02 - [MESSAGE][INFO] - Starting 'Chrome' driver

22-07-2024T10:16:02 - [MESSAGE][INFO] - Action delay is set to 0 milliseconds

22-07-2024T10:16:03 - [MESSAGE][PASSED] - Browser is opened with url: ''

22-07-2024T10:16:03 - [TEST_STEP][PASSED] - maximizeWindow(): Current window maximized

22-07-2024T10:16:03 - [MESSAGE][PASSED] - Current window maximized

22-07-2024T10:16:03 - [TEST_STEP][PASSED] - navigateToUrl("https://www.saucedemo.com/"): Navigate to 'https://www.saucedemo.com/' successfully

22-07-2024T10:16:05 - [MESSAGE][PASSED] - Navigate to 'https://www.saucedemo.com/' successfully

22-07-2024T10:16:05 - [TEST_STEP][PASSED] - setText(findTestObject("Object Repository/Page_Swag Labs/input_Swag Labs_user-name"), username): Text 'visual_user' is set on object 'Object Repository/Page_Swag Labs/input_Swag Labs_user-name'

22-07-2024T10:16:08 - [MESSAGE][PASSED] - Text 'visual_user' is set on object 'Object Repository/Page_Swag Labs/input_Swag Labs_user-name'

22-07-2024T10:16:08 - [TEST_STEP][PASSED] - setText(findTestObject("Object Repository/Page_Swag Labs/input_Swag Labs_password"), password): Text 'secret_sauce' is set on object 'Object Repository/Page_Swag Labs/input_Swag Labs_password'

22-07-2024T10:16:08 - [MESSAGE][PASSED] - Text 'secret_sauce' is set on object 'Object Repository/Page_Swag Labs/input_Swag Labs_password'

22-07-2024T10:16:08 - [TEST_STEP][PASSED] - click(findTestObject("Object Repository/Page_Swag Labs/input_Swag Labs_login-button")): Object: 'Object Repository/Page_Swag Labs/input_Swag Labs_login-button' is clicked on

22-07-2024T10:16:09 - [MESSAGE][PASSED] - Object: 'Object Repository/Page_Swag Labs/input_Swag Labs_login-button' is clicked on

22-07-2024T10:16:09 - [TEST_STEP][PASSED] - click(findTestObject("Object Repository/Page_Swag Labs/button_Open Menu")): Object: 'Object Repository/Page_Swag Labs/button_Open Menu' is clicked on

22-07-2024T10:16:09 - [MESSAGE][PASSED] - Object: 'Object Repository/Page_Swag Labs/button_Open Menu' is clicked on

22-07-2024T10:16:09 - [TEST_STEP][PASSED] - click(findTestObject("Object Repository/Page_Swag Labs/a_Logout")): Object: 'Object Repository/Page_Swag Labs/a_Logout' is clicked on

22-07-2024T10:16:10 - [MESSAGE][PASSED] - Object: 'Object Repository/Page_Swag Labs/a_Logout' is clicked on

22-07-2024T10:16:10 - [TEST_STEP][PASSED] - closeBrowser(): Browser is closed

22-07-2024T10:16:10 - [MESSAGE][PASSED] - Browser is closed]]></system-out>
         <system-err><![CDATA[]]></system-err>
      </testcase>
      <system-out><![CDATA[22-07-2024T10:15:30 - [TEST_SUITE][PASSED] - TS0101003 Login Saucedemo DD MySQL: Test Cases/F02 Specify Test Case/F0201 Data Driven/TC0201002 Login Saucedemo DD MySQL]]></system-out>
      <system-err><![CDATA[]]></system-err>
   </testsuite>
</testsuites>
