<?xml version="1.0" encoding="UTF-8"?>
<testsuites name="TS0101001 Login logout Saucedemo" time="14.249" tests="1" failures="0" errors="0">
   <testsuite name="TS0101001 Login logout Saucedemo" tests="1" failures="0" errors="0" time="14.249" skipped="0" timestamp="21-07-2024T15:55:12" hostname="mrdi_ - DHANIE-PC" id="Test Suites/F01/F0101 Saucedemo/TS0101001 Login logout Saucedemo">
      <properties>
         <property name="deviceName" value=""/>
         <property name="devicePlatform"/>
         <property name="logFolder" value="C:\\Users\\mrdi_\\Katalon Studio\\First_Automation_Project_Web_Based\\Reports\\20240721_155501\\F01\\F0101 Saucedemo\\TS0101001 Login logout Saucedemo\\20240721_155501"/>
         <property name="logFiles" value="C:\\Users\\mrdi_\\Katalon Studio\\First_Automation_Project_Web_Based\\Reports\\20240721_155501\\F01\\F0101 Saucedemo\\TS0101001 Login logout Saucedemo\\20240721_155501\\execution0.log"/>
         <property name="attachments" value=""/>
         <property name="hostName" value="mrdi_ - DHANIE-PC"/>
         <property name="os" value="Windows 11 64bit"/>
         <property name="katalonVersion" value="9.6.0.217"/>
         <property name="browser" value="Firefox 128.0"/>
         <property name="hostAddress" value="192.168.1.107"/>
         <property name="sessionId" value="b9001c7d-efab-48c4-95f9-5de642ea7ec2"/>
         <property name="seleniumVersion" value="3.141.59"/>
         <property name="proxyInformation" value="ProxyInformation { proxyOption=NO_PROXY, proxyServerType=HTTP, username=, password=********, proxyServerAddress=, proxyServerPort=0, executionList=&quot;&quot;, isApplyToDesiredCapabilities=true }"/>
         <property name="platform" value="Windows 11"/>
      </properties>
      <testcase name="Test Cases/F01 Common Test Case/FF0101 Saucedemo/TC0101002 Logout Saucedemo" time="13.99" classname="Test Cases/F01 Common Test Case/FF0101 Saucedemo/TC0101002 Logout Saucedemo" status="PASSED">
         <system-out><![CDATA[21-07-2024T15:55:13 - [TEST_CASE][PASSED] - Test Cases/F01 Common Test Case/FF0101 Saucedemo/TC0101002 Logout Saucedemo: Test Cases/F01 Common Test Case/FF0101 Saucedemo/TC0101002 Logout Saucedemo

21-07-2024T15:55:13 - [TEST_STEP][PASSED] - callTestCase(findTestCase("F01 Common Test Case/FF0101 Saucedemo/TC0101001 Login Saucedemo"), [:], STOP_ON_FAILURE): Call Test Case 'Test Cases/F01 Common Test Case/FF0101 Saucedemo/TC0101001 Login Saucedemo' successfully

21-07-2024T15:55:14 - [TEST_CASE][PASSED] - Test Cases/F01 Common Test Case/FF0101 Saucedemo/TC0101001 Login Saucedemo: Test Cases/F01 Common Test Case/FF0101 Saucedemo/TC0101001 Login Saucedemo

21-07-2024T15:55:14 - [TEST_STEP][PASSED] - openBrowser(""): Browser is opened with url: ''

21-07-2024T15:55:14 - [MESSAGE][INFO] - Starting 'Firefox' driver

21-07-2024T15:55:14 - [MESSAGE][INFO] - Action delay is set to 0 milliseconds

21-07-2024T15:55:20 - [MESSAGE][PASSED] - Browser is opened with url: ''

21-07-2024T15:55:20 - [TEST_STEP][PASSED] - maximizeWindow(): Current window maximized

21-07-2024T15:55:20 - [MESSAGE][PASSED] - Current window maximized

21-07-2024T15:55:20 - [TEST_STEP][PASSED] - navigateToUrl("https://www.saucedemo.com/"): Navigate to 'https://www.saucedemo.com/' successfully

21-07-2024T15:55:21 - [MESSAGE][PASSED] - Navigate to 'https://www.saucedemo.com/' successfully

21-07-2024T15:55:21 - [TEST_STEP][PASSED] - setText(findTestObject("Object Repository/Page_Swag Labs/input_Swag Labs_user-name"), "standard_user"): Text 'standard_user' is set on object 'Object Repository/Page_Swag Labs/input_Swag Labs_user-name'

21-07-2024T15:55:23 - [MESSAGE][PASSED] - Text 'standard_user' is set on object 'Object Repository/Page_Swag Labs/input_Swag Labs_user-name'

21-07-2024T15:55:23 - [TEST_STEP][PASSED] - setEncryptedText(findTestObject("Object Repository/Page_Swag Labs/input_Swag Labs_password"), "qcu24s4901FyWDTwXGr6XA=="): Text ****** has been set on object 'Object Repository/Page_Swag Labs/input_Swag Labs_password'

21-07-2024T15:55:23 - [MESSAGE][PASSED] - Text ****** has been set on object 'Object Repository/Page_Swag Labs/input_Swag Labs_password'

21-07-2024T15:55:23 - [TEST_STEP][PASSED] - click(findTestObject("Object Repository/Page_Swag Labs/input_Swag Labs_login-button")): Object: 'Object Repository/Page_Swag Labs/input_Swag Labs_login-button' is clicked on

21-07-2024T15:55:24 - [MESSAGE][PASSED] - Object: 'Object Repository/Page_Swag Labs/input_Swag Labs_login-button' is clicked on

21-07-2024T15:55:24 - [MESSAGE][PASSED] - Call Test Case 'Test Cases/F01 Common Test Case/FF0101 Saucedemo/TC0101001 Login Saucedemo' successfully

21-07-2024T15:55:24 - [TEST_STEP][PASSED] - click(findTestObject("Object Repository/Page_Swag Labs/button_Open Menu")): Object: 'Object Repository/Page_Swag Labs/button_Open Menu' is clicked on

21-07-2024T15:55:25 - [MESSAGE][PASSED] - Object: 'Object Repository/Page_Swag Labs/button_Open Menu' is clicked on

21-07-2024T15:55:25 - [TEST_STEP][PASSED] - click(findTestObject("Object Repository/Page_Swag Labs/a_Logout")): Object: 'Object Repository/Page_Swag Labs/a_Logout' is clicked on

21-07-2024T15:55:25 - [MESSAGE][PASSED] - Object: 'Object Repository/Page_Swag Labs/a_Logout' is clicked on

21-07-2024T15:55:25 - [TEST_STEP][PASSED] - closeBrowser(): Browser is closed

21-07-2024T15:55:27 - [MESSAGE][PASSED] - Browser is closed]]></system-out>
         <system-err><![CDATA[]]></system-err>
      </testcase>
      <system-out><![CDATA[21-07-2024T15:55:12 - [TEST_SUITE][PASSED] - TS0101001 Login logout Saucedemo: Test Cases/F01 Common Test Case/FF0101 Saucedemo/TC0101002 Logout Saucedemo]]></system-out>
      <system-err><![CDATA[]]></system-err>
   </testsuite>
</testsuites>
