<?xml version="1.0" encoding="UTF-8"?>
<testsuites name="TS0101005 Login Saucedemo DD SQL Server" time="41.551" tests="5" failures="0" errors="0">
   <testsuite name="TS0101005 Login Saucedemo DD SQL Server" tests="5" failures="0" errors="0" time="41.551" skipped="0" timestamp="22-07-2024T11:12:32" hostname="mrdi_ - DHANIE-PC" id="Test Suites/F01/F0101 Saucedemo/TS0101005 Login Saucedemo DD SQL Server">
      <properties>
         <property name="deviceName" value=""/>
         <property name="devicePlatform"/>
         <property name="logFolder" value="C:\\Users\\mrdi_\\Katalon Studio\\First_Automation_Project_Web_Based\\Reports\\20240722_111225\\F01\\F0101 Saucedemo\\TS0101005 Login Saucedemo DD SQL Server\\20240722_111225"/>
         <property name="logFiles" value="C:\\Users\\mrdi_\\Katalon Studio\\First_Automation_Project_Web_Based\\Reports\\20240722_111225\\F01\\F0101 Saucedemo\\TS0101005 Login Saucedemo DD SQL Server\\20240722_111225\\execution0.log"/>
         <property name="attachments" value=""/>
         <property name="hostName" value="mrdi_ - DHANIE-PC"/>
         <property name="os" value="Windows 11 64bit"/>
         <property name="katalonVersion" value="9.6.0.217"/>
         <property name="browser" value="Chrome 126.0.0.0"/>
         <property name="hostAddress" value="192.168.229.1"/>
         <property name="sessionId" value="95c746fc6053f29c973a674f3b47e939"/>
         <property name="seleniumVersion" value="3.141.59"/>
         <property name="proxyInformation" value="ProxyInformation { proxyOption=NO_PROXY, proxyServerType=HTTP, username=, password=********, proxyServerAddress=, proxyServerPort=0, executionList=&quot;&quot;, isApplyToDesiredCapabilities=true }"/>
         <property name="platform" value="Windows 11"/>
      </properties>
      <testcase name="Test Cases/F02 Specify Test Case/F0201 Data Driven/TC0201004 Login Saucedemo DD SQL Server" time="8.363" classname="Test Cases/F02 Specify Test Case/F0201 Data Driven/TC0201004 Login Saucedemo DD SQL Server" status="PASSED">
         <system-out><![CDATA[22-07-2024T11:12:32 - [TEST_CASE][PASSED] - Test Cases/F02 Specify Test Case/F0201 Data Driven/TC0201004 Login Saucedemo DD SQL Server: Test Cases/F02 Specify Test Case/F0201 Data Driven/TC0201004 Login Saucedemo DD SQL Server

22-07-2024T11:12:33 - [TEST_STEP][PASSED] - openBrowser(""): Browser is opened with url: ''

22-07-2024T11:12:33 - [MESSAGE][INFO] - Starting 'Chrome' driver

22-07-2024T11:12:33 - [MESSAGE][INFO] - Action delay is set to 0 milliseconds

22-07-2024T11:12:35 - [MESSAGE][PASSED] - Browser is opened with url: ''

22-07-2024T11:12:35 - [TEST_STEP][PASSED] - maximizeWindow(): Current window maximized

22-07-2024T11:12:35 - [MESSAGE][PASSED] - Current window maximized

22-07-2024T11:12:35 - [TEST_STEP][PASSED] - navigateToUrl("https://www.saucedemo.com/"): Navigate to 'https://www.saucedemo.com/' successfully

22-07-2024T11:12:37 - [MESSAGE][PASSED] - Navigate to 'https://www.saucedemo.com/' successfully

22-07-2024T11:12:37 - [TEST_STEP][PASSED] - setText(findTestObject("Object Repository/Page_Swag Labs/input_Swag Labs_user-name"), username): Text 'standard_user' is set on object 'Object Repository/Page_Swag Labs/input_Swag Labs_user-name'

22-07-2024T11:12:39 - [MESSAGE][PASSED] - Text 'standard_user' is set on object 'Object Repository/Page_Swag Labs/input_Swag Labs_user-name'

22-07-2024T11:12:39 - [TEST_STEP][PASSED] - setText(findTestObject("Object Repository/Page_Swag Labs/input_Swag Labs_password"), password): Text 'secret_sauce' is set on object 'Object Repository/Page_Swag Labs/input_Swag Labs_password'

22-07-2024T11:12:39 - [MESSAGE][PASSED] - Text 'secret_sauce' is set on object 'Object Repository/Page_Swag Labs/input_Swag Labs_password'

22-07-2024T11:12:39 - [TEST_STEP][PASSED] - click(findTestObject("Object Repository/Page_Swag Labs/input_Swag Labs_login-button")): Object: 'Object Repository/Page_Swag Labs/input_Swag Labs_login-button' is clicked on

22-07-2024T11:12:40 - [MESSAGE][PASSED] - Object: 'Object Repository/Page_Swag Labs/input_Swag Labs_login-button' is clicked on

22-07-2024T11:12:40 - [TEST_STEP][PASSED] - click(findTestObject("Object Repository/Page_Swag Labs/button_Open Menu")): Object: 'Object Repository/Page_Swag Labs/button_Open Menu' is clicked on

22-07-2024T11:12:40 - [MESSAGE][PASSED] - Object: 'Object Repository/Page_Swag Labs/button_Open Menu' is clicked on

22-07-2024T11:12:40 - [TEST_STEP][PASSED] - click(findTestObject("Object Repository/Page_Swag Labs/a_Logout")): Object: 'Object Repository/Page_Swag Labs/a_Logout' is clicked on

22-07-2024T11:12:41 - [MESSAGE][PASSED] - Object: 'Object Repository/Page_Swag Labs/a_Logout' is clicked on

22-07-2024T11:12:41 - [TEST_STEP][PASSED] - closeBrowser(): Browser is closed

22-07-2024T11:12:41 - [MESSAGE][PASSED] - Browser is closed]]></system-out>
         <system-err><![CDATA[]]></system-err>
      </testcase>
      <testcase name="Test Cases/F02 Specify Test Case/F0201 Data Driven/TC0201004 Login Saucedemo DD SQL Server" time="6.717" classname="Test Cases/F02 Specify Test Case/F0201 Data Driven/TC0201004 Login Saucedemo DD SQL Server" status="PASSED">
         <system-out><![CDATA[22-07-2024T11:12:41 - [TEST_CASE][PASSED] - Test Cases/F02 Specify Test Case/F0201 Data Driven/TC0201004 Login Saucedemo DD SQL Server: Test Cases/F02 Specify Test Case/F0201 Data Driven/TC0201004 Login Saucedemo DD SQL Server

22-07-2024T11:12:41 - [TEST_STEP][PASSED] - openBrowser(""): Browser is opened with url: ''

22-07-2024T11:12:41 - [MESSAGE][INFO] - Starting 'Chrome' driver

22-07-2024T11:12:41 - [MESSAGE][INFO] - Action delay is set to 0 milliseconds

22-07-2024T11:12:42 - [MESSAGE][PASSED] - Browser is opened with url: ''

22-07-2024T11:12:42 - [TEST_STEP][PASSED] - maximizeWindow(): Current window maximized

22-07-2024T11:12:42 - [MESSAGE][PASSED] - Current window maximized

22-07-2024T11:12:42 - [TEST_STEP][PASSED] - navigateToUrl("https://www.saucedemo.com/"): Navigate to 'https://www.saucedemo.com/' successfully

22-07-2024T11:12:44 - [MESSAGE][PASSED] - Navigate to 'https://www.saucedemo.com/' successfully

22-07-2024T11:12:44 - [TEST_STEP][PASSED] - setText(findTestObject("Object Repository/Page_Swag Labs/input_Swag Labs_user-name"), username): Text 'problem_user' is set on object 'Object Repository/Page_Swag Labs/input_Swag Labs_user-name'

22-07-2024T11:12:46 - [MESSAGE][PASSED] - Text 'problem_user' is set on object 'Object Repository/Page_Swag Labs/input_Swag Labs_user-name'

22-07-2024T11:12:46 - [TEST_STEP][PASSED] - setText(findTestObject("Object Repository/Page_Swag Labs/input_Swag Labs_password"), password): Text 'secret_sauce' is set on object 'Object Repository/Page_Swag Labs/input_Swag Labs_password'

22-07-2024T11:12:46 - [MESSAGE][PASSED] - Text 'secret_sauce' is set on object 'Object Repository/Page_Swag Labs/input_Swag Labs_password'

22-07-2024T11:12:46 - [TEST_STEP][PASSED] - click(findTestObject("Object Repository/Page_Swag Labs/input_Swag Labs_login-button")): Object: 'Object Repository/Page_Swag Labs/input_Swag Labs_login-button' is clicked on

22-07-2024T11:12:47 - [MESSAGE][PASSED] - Object: 'Object Repository/Page_Swag Labs/input_Swag Labs_login-button' is clicked on

22-07-2024T11:12:47 - [TEST_STEP][PASSED] - click(findTestObject("Object Repository/Page_Swag Labs/button_Open Menu")): Object: 'Object Repository/Page_Swag Labs/button_Open Menu' is clicked on

22-07-2024T11:12:47 - [MESSAGE][PASSED] - Object: 'Object Repository/Page_Swag Labs/button_Open Menu' is clicked on

22-07-2024T11:12:47 - [TEST_STEP][PASSED] - click(findTestObject("Object Repository/Page_Swag Labs/a_Logout")): Object: 'Object Repository/Page_Swag Labs/a_Logout' is clicked on

22-07-2024T11:12:47 - [MESSAGE][PASSED] - Object: 'Object Repository/Page_Swag Labs/a_Logout' is clicked on

22-07-2024T11:12:47 - [TEST_STEP][PASSED] - closeBrowser(): Browser is closed

22-07-2024T11:12:48 - [MESSAGE][PASSED] - Browser is closed]]></system-out>
         <system-err><![CDATA[]]></system-err>
      </testcase>
      <testcase name="Test Cases/F02 Specify Test Case/F0201 Data Driven/TC0201004 Login Saucedemo DD SQL Server" time="12.449" classname="Test Cases/F02 Specify Test Case/F0201 Data Driven/TC0201004 Login Saucedemo DD SQL Server" status="PASSED">
         <system-out><![CDATA[22-07-2024T11:12:48 - [TEST_CASE][PASSED] - Test Cases/F02 Specify Test Case/F0201 Data Driven/TC0201004 Login Saucedemo DD SQL Server: Test Cases/F02 Specify Test Case/F0201 Data Driven/TC0201004 Login Saucedemo DD SQL Server

22-07-2024T11:12:48 - [TEST_STEP][PASSED] - openBrowser(""): Browser is opened with url: ''

22-07-2024T11:12:48 - [MESSAGE][INFO] - Starting 'Chrome' driver

22-07-2024T11:12:48 - [MESSAGE][INFO] - Action delay is set to 0 milliseconds

22-07-2024T11:12:48 - [MESSAGE][PASSED] - Browser is opened with url: ''

22-07-2024T11:12:48 - [TEST_STEP][PASSED] - maximizeWindow(): Current window maximized

22-07-2024T11:12:48 - [MESSAGE][PASSED] - Current window maximized

22-07-2024T11:12:48 - [TEST_STEP][PASSED] - navigateToUrl("https://www.saucedemo.com/"): Navigate to 'https://www.saucedemo.com/' successfully

22-07-2024T11:12:51 - [MESSAGE][PASSED] - Navigate to 'https://www.saucedemo.com/' successfully

22-07-2024T11:12:51 - [TEST_STEP][PASSED] - setText(findTestObject("Object Repository/Page_Swag Labs/input_Swag Labs_user-name"), username): Text 'performance_glitch_user' is set on object 'Object Repository/Page_Swag Labs/input_Swag Labs_user-name'

22-07-2024T11:12:53 - [MESSAGE][PASSED] - Text 'performance_glitch_user' is set on object 'Object Repository/Page_Swag Labs/input_Swag Labs_user-name'

22-07-2024T11:12:53 - [TEST_STEP][PASSED] - setText(findTestObject("Object Repository/Page_Swag Labs/input_Swag Labs_password"), password): Text 'secret_sauce' is set on object 'Object Repository/Page_Swag Labs/input_Swag Labs_password'

22-07-2024T11:12:54 - [MESSAGE][PASSED] - Text 'secret_sauce' is set on object 'Object Repository/Page_Swag Labs/input_Swag Labs_password'

22-07-2024T11:12:54 - [TEST_STEP][PASSED] - click(findTestObject("Object Repository/Page_Swag Labs/input_Swag Labs_login-button")): Object: 'Object Repository/Page_Swag Labs/input_Swag Labs_login-button' is clicked on

22-07-2024T11:12:59 - [MESSAGE][PASSED] - Object: 'Object Repository/Page_Swag Labs/input_Swag Labs_login-button' is clicked on

22-07-2024T11:12:59 - [TEST_STEP][PASSED] - click(findTestObject("Object Repository/Page_Swag Labs/button_Open Menu")): Object: 'Object Repository/Page_Swag Labs/button_Open Menu' is clicked on

22-07-2024T11:12:59 - [MESSAGE][PASSED] - Object: 'Object Repository/Page_Swag Labs/button_Open Menu' is clicked on

22-07-2024T11:12:59 - [TEST_STEP][PASSED] - click(findTestObject("Object Repository/Page_Swag Labs/a_Logout")): Object: 'Object Repository/Page_Swag Labs/a_Logout' is clicked on

22-07-2024T11:13:00 - [MESSAGE][PASSED] - Object: 'Object Repository/Page_Swag Labs/a_Logout' is clicked on

22-07-2024T11:13:00 - [TEST_STEP][PASSED] - closeBrowser(): Browser is closed

22-07-2024T11:13:00 - [MESSAGE][PASSED] - Browser is closed]]></system-out>
         <system-err><![CDATA[]]></system-err>
      </testcase>
      <testcase name="Test Cases/F02 Specify Test Case/F0201 Data Driven/TC0201004 Login Saucedemo DD SQL Server" time="6.871" classname="Test Cases/F02 Specify Test Case/F0201 Data Driven/TC0201004 Login Saucedemo DD SQL Server" status="PASSED">
         <system-out><![CDATA[22-07-2024T11:13:00 - [TEST_CASE][PASSED] - Test Cases/F02 Specify Test Case/F0201 Data Driven/TC0201004 Login Saucedemo DD SQL Server: Test Cases/F02 Specify Test Case/F0201 Data Driven/TC0201004 Login Saucedemo DD SQL Server

22-07-2024T11:13:00 - [TEST_STEP][PASSED] - openBrowser(""): Browser is opened with url: ''

22-07-2024T11:13:00 - [MESSAGE][INFO] - Starting 'Chrome' driver

22-07-2024T11:13:00 - [MESSAGE][INFO] - Action delay is set to 0 milliseconds

22-07-2024T11:13:01 - [MESSAGE][PASSED] - Browser is opened with url: ''

22-07-2024T11:13:01 - [TEST_STEP][PASSED] - maximizeWindow(): Current window maximized

22-07-2024T11:13:01 - [MESSAGE][PASSED] - Current window maximized

22-07-2024T11:13:01 - [TEST_STEP][PASSED] - navigateToUrl("https://www.saucedemo.com/"): Navigate to 'https://www.saucedemo.com/' successfully

22-07-2024T11:13:03 - [MESSAGE][PASSED] - Navigate to 'https://www.saucedemo.com/' successfully

22-07-2024T11:13:03 - [TEST_STEP][PASSED] - setText(findTestObject("Object Repository/Page_Swag Labs/input_Swag Labs_user-name"), username): Text 'visual_user' is set on object 'Object Repository/Page_Swag Labs/input_Swag Labs_user-name'

22-07-2024T11:13:05 - [MESSAGE][PASSED] - Text 'visual_user' is set on object 'Object Repository/Page_Swag Labs/input_Swag Labs_user-name'

22-07-2024T11:13:05 - [TEST_STEP][PASSED] - setText(findTestObject("Object Repository/Page_Swag Labs/input_Swag Labs_password"), password): Text 'secret_sauce' is set on object 'Object Repository/Page_Swag Labs/input_Swag Labs_password'

22-07-2024T11:13:06 - [MESSAGE][PASSED] - Text 'secret_sauce' is set on object 'Object Repository/Page_Swag Labs/input_Swag Labs_password'

22-07-2024T11:13:06 - [TEST_STEP][PASSED] - click(findTestObject("Object Repository/Page_Swag Labs/input_Swag Labs_login-button")): Object: 'Object Repository/Page_Swag Labs/input_Swag Labs_login-button' is clicked on

22-07-2024T11:13:06 - [MESSAGE][PASSED] - Object: 'Object Repository/Page_Swag Labs/input_Swag Labs_login-button' is clicked on

22-07-2024T11:13:06 - [TEST_STEP][PASSED] - click(findTestObject("Object Repository/Page_Swag Labs/button_Open Menu")): Object: 'Object Repository/Page_Swag Labs/button_Open Menu' is clicked on

22-07-2024T11:13:06 - [MESSAGE][PASSED] - Object: 'Object Repository/Page_Swag Labs/button_Open Menu' is clicked on

22-07-2024T11:13:06 - [TEST_STEP][PASSED] - click(findTestObject("Object Repository/Page_Swag Labs/a_Logout")): Object: 'Object Repository/Page_Swag Labs/a_Logout' is clicked on

22-07-2024T11:13:07 - [MESSAGE][PASSED] - Object: 'Object Repository/Page_Swag Labs/a_Logout' is clicked on

22-07-2024T11:13:07 - [TEST_STEP][PASSED] - closeBrowser(): Browser is closed

22-07-2024T11:13:07 - [MESSAGE][PASSED] - Browser is closed]]></system-out>
         <system-err><![CDATA[]]></system-err>
      </testcase>
      <testcase name="Test Cases/F02 Specify Test Case/F0201 Data Driven/TC0201004 Login Saucedemo DD SQL Server" time="6.818" classname="Test Cases/F02 Specify Test Case/F0201 Data Driven/TC0201004 Login Saucedemo DD SQL Server" status="PASSED">
         <system-out><![CDATA[22-07-2024T11:13:07 - [TEST_CASE][PASSED] - Test Cases/F02 Specify Test Case/F0201 Data Driven/TC0201004 Login Saucedemo DD SQL Server: Test Cases/F02 Specify Test Case/F0201 Data Driven/TC0201004 Login Saucedemo DD SQL Server

22-07-2024T11:13:07 - [TEST_STEP][PASSED] - openBrowser(""): Browser is opened with url: ''

22-07-2024T11:13:07 - [MESSAGE][INFO] - Starting 'Chrome' driver

22-07-2024T11:13:07 - [MESSAGE][INFO] - Action delay is set to 0 milliseconds

22-07-2024T11:13:08 - [MESSAGE][PASSED] - Browser is opened with url: ''

22-07-2024T11:13:08 - [TEST_STEP][PASSED] - maximizeWindow(): Current window maximized

22-07-2024T11:13:08 - [MESSAGE][PASSED] - Current window maximized

22-07-2024T11:13:08 - [TEST_STEP][PASSED] - navigateToUrl("https://www.saucedemo.com/"): Navigate to 'https://www.saucedemo.com/' successfully

22-07-2024T11:13:10 - [MESSAGE][PASSED] - Navigate to 'https://www.saucedemo.com/' successfully

22-07-2024T11:13:10 - [TEST_STEP][PASSED] - setText(findTestObject("Object Repository/Page_Swag Labs/input_Swag Labs_user-name"), username): Text 'error_user' is set on object 'Object Repository/Page_Swag Labs/input_Swag Labs_user-name'

22-07-2024T11:13:12 - [MESSAGE][PASSED] - Text 'error_user' is set on object 'Object Repository/Page_Swag Labs/input_Swag Labs_user-name'

22-07-2024T11:13:12 - [TEST_STEP][PASSED] - setText(findTestObject("Object Repository/Page_Swag Labs/input_Swag Labs_password"), password): Text 'secret_sauce' is set on object 'Object Repository/Page_Swag Labs/input_Swag Labs_password'

22-07-2024T11:13:12 - [MESSAGE][PASSED] - Text 'secret_sauce' is set on object 'Object Repository/Page_Swag Labs/input_Swag Labs_password'

22-07-2024T11:13:12 - [TEST_STEP][PASSED] - click(findTestObject("Object Repository/Page_Swag Labs/input_Swag Labs_login-button")): Object: 'Object Repository/Page_Swag Labs/input_Swag Labs_login-button' is clicked on

22-07-2024T11:13:13 - [MESSAGE][PASSED] - Object: 'Object Repository/Page_Swag Labs/input_Swag Labs_login-button' is clicked on

22-07-2024T11:13:13 - [TEST_STEP][PASSED] - click(findTestObject("Object Repository/Page_Swag Labs/button_Open Menu")): Object: 'Object Repository/Page_Swag Labs/button_Open Menu' is clicked on

22-07-2024T11:13:13 - [MESSAGE][PASSED] - Object: 'Object Repository/Page_Swag Labs/button_Open Menu' is clicked on

22-07-2024T11:13:13 - [TEST_STEP][PASSED] - click(findTestObject("Object Repository/Page_Swag Labs/a_Logout")): Object: 'Object Repository/Page_Swag Labs/a_Logout' is clicked on

22-07-2024T11:13:14 - [MESSAGE][PASSED] - Object: 'Object Repository/Page_Swag Labs/a_Logout' is clicked on

22-07-2024T11:13:14 - [TEST_STEP][PASSED] - closeBrowser(): Browser is closed

22-07-2024T11:13:14 - [MESSAGE][PASSED] - Browser is closed]]></system-out>
         <system-err><![CDATA[]]></system-err>
      </testcase>
      <system-out><![CDATA[22-07-2024T11:12:32 - [TEST_SUITE][PASSED] - TS0101005 Login Saucedemo DD SQL Server: Test Cases/F02 Specify Test Case/F0201 Data Driven/TC0201004 Login Saucedemo DD SQL Server]]></system-out>
      <system-err><![CDATA[]]></system-err>
   </testsuite>
</testsuites>
